{"/Users/ahmed/spantree/nexus-federation-plugin/src/buildSchema.ts": {"path":"/Users/ahmed/spantree/nexus-federation-plugin/src/buildSchema.ts","statementMap":{"0":{"start":{"line":1,"column":0},"end":{"line":1,"column":56}},"1":{"start":{"line":2,"column":0},"end":{"line":2,"column":29}},"2":{"start":{"line":3,"column":0},"end":{"line":3,"column":33}},"3":{"start":{"line":4,"column":0},"end":{"line":4,"column":45}},"4":{"start":{"line":6,"column":0},"end":{"line":6,"column":27}},"5":{"start":{"line":8,"column":16},"end":{"line":14,"column":null}},"6":{"start":{"line":20,"column":20},"end":{"line":20,"column":44}},"7":{"start":{"line":21,"column":17},"end":{"line":23,"column":4}},"8":{"start":{"line":25,"column":22},"end":{"line":31,"column":4}},"9":{"start":{"line":33,"column":2},"end":{"line":33,"column":null}},"10":{"start":{"line":34,"column":2},"end":{"line":34,"column":null}},"11":{"start":{"line":16,"column":0},"end":{"line":16,"column":7}}},"fnMap":{"0":{"name":"printTransformedSchema","decl":{"start":{"line":16,"column":22},"end":{"line":16,"column":44}},"loc":{"start":{"line":18,"column":25},"end":{"line":35,"column":1}}}},"branchMap":{"0":{"loc":{"start":{"line":18,"column":9},"end":{"line":18,"column":25}},"type":"default-arg","locations":[{"start":{"line":18,"column":9},"end":{"line":18,"column":25}}]}},"s":{"0":1,"1":1,"2":1,"3":1,"4":1,"5":1,"6":0,"7":0,"8":0,"9":0,"10":0,"11":1},"f":{"0":0},"b":{"0":[0]}}
,"/Users/ahmed/spantree/nexus-federation-plugin/src/index.ts": {"path":"/Users/ahmed/spantree/nexus-federation-plugin/src/index.ts","statementMap":{"0":{"start":{"line":1,"column":0},"end":{"line":1,"column":29}},"1":{"start":{"line":2,"column":0},"end":{"line":2,"column":39}},"2":{"start":{"line":3,"column":0},"end":{"line":3,"column":33}}},"fnMap":{},"branchMap":{},"s":{"0":1,"1":1,"2":1},"f":{},"b":{}}
,"/Users/ahmed/spantree/nexus-federation-plugin/src/nexusPluginFederation.ts": {"path":"/Users/ahmed/spantree/nexus-federation-plugin/src/nexusPluginFederation.ts","statementMap":{"0":{"start":{"line":1,"column":0},"end":{"line":1,"column":30}},"1":{"start":{"line":2,"column":0},"end":{"line":2,"column":75}},"2":{"start":{"line":5,"column":24},"end":{"line":8,"column":2}},"3":{"start":{"line":10,"column":31},"end":{"line":13,"column":2}},"4":{"start":{"line":15,"column":18},"end":{"line":23,"column":2}},"5":{"start":{"line":25,"column":21},"end":{"line":32,"column":2}},"6":{"start":{"line":34,"column":22},"end":{"line":42,"column":2}},"7":{"start":{"line":44,"column":31},"end":{"line":47,"column":2}},"8":{"start":{"line":49,"column":25},"end":{"line":57,"column":2}},"9":{"start":{"line":74,"column":13},"end":{"line":82,"column":null}}},"fnMap":{},"branchMap":{},"s":{"0":1,"1":1,"2":1,"3":1,"4":1,"5":1,"6":1,"7":1,"8":1,"9":1},"f":{},"b":{}}
,"/Users/ahmed/spantree/nexus-federation-plugin/src/transformSchema.ts": {"path":"/Users/ahmed/spantree/nexus-federation-plugin/src/transformSchema.ts","statementMap":{"0":{"start":{"line":1,"column":0},"end":{"line":1,"column":null}},"1":{"start":{"line":6,"column":0},"end":{"line":6,"column":30}},"2":{"start":{"line":29,"column":48},"end":{"line":30,"column":18}},"3":{"start":{"line":32,"column":68},"end":{"line":32,"column":70}},"4":{"start":{"line":34,"column":2},"end":{"line":72,"column":null}},"5":{"start":{"line":35,"column":19},"end":{"line":35,"column":42}},"6":{"start":{"line":36,"column":4},"end":{"line":71,"column":null}},"7":{"start":{"line":37,"column":6},"end":{"line":70,"column":null}},"8":{"start":{"line":38,"column":8},"end":{"line":59,"column":null}},"9":{"start":{"line":39,"column":30},"end":{"line":39,"column":59}},"10":{"start":{"line":40,"column":10},"end":{"line":48,"column":null}},"11":{"start":{"line":41,"column":12},"end":{"line":47,"column":null}},"12":{"start":{"line":50,"column":10},"end":{"line":58,"column":null}},"13":{"start":{"line":51,"column":12},"end":{"line":57,"column":null}},"14":{"start":{"line":61,"column":8},"end":{"line":69,"column":null}},"15":{"start":{"line":74,"column":2},"end":{"line":79,"column":null}},"16":{"start":{"line":26,"column":0},"end":{"line":26,"column":16}}},"fnMap":{"0":{"name":"transformSchemaFederation","decl":{"start":{"line":26,"column":16},"end":{"line":26,"column":41}},"loc":{"start":{"line":26,"column":68},"end":{"line":80,"column":1}}},"1":{"name":"(anonymous_1)","decl":{"start":{"line":34,"column":35},"end":{"line":34,"column":36}},"loc":{"start":{"line":34,"column":43},"end":{"line":72,"column":3}}},"2":{"name":"(anonymous_2)","decl":{"start":{"line":38,"column":52},"end":{"line":38,"column":53}},"loc":{"start":{"line":38,"column":62},"end":{"line":59,"column":9}}}},"branchMap":{"0":{"loc":{"start":{"line":36,"column":4},"end":{"line":71,"column":null}},"type":"if","locations":[{"start":{"line":36,"column":4},"end":{"line":71,"column":null}},{"start":{"line":36,"column":4},"end":{"line":71,"column":null}}]},"1":{"loc":{"start":{"line":37,"column":6},"end":{"line":70,"column":null}},"type":"if","locations":[{"start":{"line":37,"column":6},"end":{"line":70,"column":null}},{"start":{"line":37,"column":6},"end":{"line":70,"column":null}}]},"2":{"loc":{"start":{"line":37,"column":10},"end":{"line":37,"column":26}},"type":"binary-expr","locations":[{"start":{"line":37,"column":10},"end":{"line":37,"column":26}},{"start":{"line":37,"column":30},"end":{"line":37,"column":57}}]},"3":{"loc":{"start":{"line":40,"column":10},"end":{"line":48,"column":null}},"type":"if","locations":[{"start":{"line":40,"column":10},"end":{"line":48,"column":null}},{"start":{"line":40,"column":10},"end":{"line":48,"column":null}}]},"4":{"loc":{"start":{"line":50,"column":10},"end":{"line":58,"column":null}},"type":"if","locations":[{"start":{"line":50,"column":10},"end":{"line":58,"column":null}},{"start":{"line":50,"column":10},"end":{"line":58,"column":null}}]}},"s":{"0":1,"1":1,"2":1,"3":1,"4":1,"5":2,"6":2,"7":2,"8":1,"9":2,"10":2,"11":0,"12":2,"13":0,"14":1,"15":1,"16":1},"f":{"0":1,"1":2,"2":2},"b":{"0":[2,0],"1":[1,1],"2":[2,1],"3":[0,2],"4":[0,2]}}
}
