TN:
SF:src/buildSchema.ts
FN:16,printTransformedSchema
FNF:1
FNH:0
FNDA:0,printTransformedSchema
DA:1,1
DA:2,1
DA:3,1
DA:4,1
DA:6,1
DA:8,1
DA:16,1
DA:20,0
DA:21,0
DA:25,0
DA:33,0
DA:34,0
LF:12
LH:7
BRDA:18,0,0,0
BRF:1
BRH:0
end_of_record
TN:
SF:src/index.ts
FNF:0
FNH:0
DA:1,1
DA:2,1
DA:3,1
LF:3
LH:3
BRF:0
BRH:0
end_of_record
TN:
SF:src/nexusPluginFederation.ts
FNF:0
FNH:0
DA:1,1
DA:2,1
DA:5,1
DA:10,1
DA:15,1
DA:25,1
DA:34,1
DA:44,1
DA:49,1
DA:74,1
LF:10
LH:10
BRF:0
BRH:0
end_of_record
TN:
SF:src/transformSchema.ts
FN:26,transformSchemaFederation
FN:34,(anonymous_1)
FN:38,(anonymous_2)
FNF:3
FNH:3
FNDA:1,transformSchemaFederation
FNDA:2,(anonymous_1)
FNDA:2,(anonymous_2)
DA:1,1
DA:6,1
DA:26,1
DA:29,1
DA:32,1
DA:34,1
DA:35,2
DA:36,2
DA:37,2
DA:38,1
DA:39,2
DA:40,2
DA:41,0
DA:50,2
DA:51,0
DA:61,1
DA:74,1
LF:17
LH:15
BRDA:36,0,0,2
BRDA:36,0,1,0
BRDA:37,1,0,1
BRDA:37,1,1,1
BRDA:37,2,0,2
BRDA:37,2,1,1
BRDA:40,3,0,0
BRDA:40,3,1,2
BRDA:50,4,0,0
BRDA:50,4,1,2
BRF:10
BRH:7
end_of_record
